DATE(2018-11-26 20:56:45) - CATEGORY (PROGRAM) - LEVEL (ERROR) - Le produit a stock fini a bien ete cree
DATE(2018-11-26 20:56:45) - CATEGORY (PROGRAM) - LEVEL (ERROR) - Le produit a stock fini a bien ete cree
DATE(2018-11-26 20:56:45) - CATEGORY (PROGRAM) - LEVEL (ERROR) - Le produit a stock fini a bien ete cree
DATE(2018-11-26 20:56:45) - CATEGORY (PROGRAM) - LEVEL (ERROR) - Le produit a stock infini a bien ete cree
DATE(2018-11-26 20:56:45) - CATEGORY (OUTPUT) - LEVEL (INFO) - -------------------------------------------------------------
Bienvenue sur l'interface de la caisse du restaurant Bagel !
-------------------------------------------------------------
Que voulez-vous faire ? ('h' pour afficher l'aide)

DATE(2018-11-26 20:56:47) - CATEGORY (OUTPUT) - LEVEL (INFO) - Saisissez le nom du client a creer : 
DATE(2018-11-26 20:56:48) - CATEGORY (INPUT) - LEVEL (INFO) - L'utilisateur a tape sako
DATE(2018-11-26 20:56:48) - CATEGORY (PROGRAM) - LEVEL (INFO) - Le client 'Sako' a bien ete cree.
DATE(2018-11-26 20:56:48) - CATEGORY (OUTPUT) - LEVEL (INFO) - Que voulez-vous faire ? ('h' pour afficher l'aide)

DATE(2018-11-26 20:56:49) - CATEGORY (OUTPUT) - LEVEL (INFO) - Saisissez le nom du client : 
DATE(2018-11-26 20:56:50) - CATEGORY (INPUT) - LEVEL (INFO) - L'utilisateur a tape sako
DATE(2018-11-26 20:56:50) - CATEGORY (PROGRAM) - LEVEL (INFO) - La note Sako est recuperee
DATE(2018-11-26 20:56:50) - CATEGORY (OUTPUT) - LEVEL (INFO) - Saisir le produit a ajouter parmi : 
DATE(2018-11-26 20:56:50) - CATEGORY (PROGRAM) - LEVEL (INFO) - Le stock du restaurant est affiche
DATE(2018-11-26 20:56:50) - CATEGORY (OUTPUT) - LEVEL (INFO) - Bagel - 2,75 euros TTC - 20 unites
Burger - 6,33 euros TTC - 10 unites
Smoothie - 1,38 euros TTC - 30 unites
Cafe - 0,55 euros TTC - stock illimite

DATE(2018-11-26 20:56:52) - CATEGORY (INPUT) - LEVEL (INFO) - L'utilisateur a tape smoothie
DATE(2018-11-26 20:56:52) - CATEGORY (PROGRAM) - LEVEL (ERROR) - Le produit Smoothie existe dans le stock
DATE(2018-11-26 20:56:52) - CATEGORY (PROGRAM) - LEVEL (ERROR) - Le produit a stock fini a bien ete cree
DATE(2018-11-26 20:56:52) - CATEGORY (OUTPUT) - LEVEL (INFO) - Nombre de Smoothie a ajouter au panier : 
DATE(2018-11-26 20:56:55) - CATEGORY (INPUT) - LEVEL (INFO) - L'utilisateur a tape 52
DATE(2018-11-26 20:56:55) - CATEGORY (PROGRAM) - LEVEL (INFO) - 30 Smoothie ajoute(s) (en rupture de stock)
DATE(2018-11-26 20:56:55) - CATEGORY (PROGRAM) - LEVEL (INFO) - 
Merci ! La commande a ete enregistree.
DATE(2018-11-26 20:56:55) - CATEGORY (PROGRAM) - LEVEL (INFO) - Le produit Smoothie a ete ajoute au panier
DATE(2018-11-26 20:56:55) - CATEGORY (PROGRAM) - LEVEL (INFO) - Calcul du prix total HT : 37,50
Calcul de la TVA totale : 3,75
Calcul du prix total TTC : 41,25
DATE(2018-11-26 20:56:55) - CATEGORY (OUTPUT) - LEVEL (INFO) - Que voulez-vous faire ? ('h' pour afficher l'aide)

DATE(2018-11-26 20:56:57) - CATEGORY (PROGRAM) - LEVEL (INFO) - La note est affichee
DATE(2018-11-26 20:56:57) - CATEGORY (PROGRAM) - LEVEL (INFO) - ID Client : Sako
Voici la note a payer : 
Produit : 'Smoothie' - 30 unites
Prix unitaire HT : 1,25 Euros
-------------------------------
Prix total HT : 37,50 Euros
TVA totale : 3,75 Euros
Prix TTC : 41,25 Euros


DATE(2018-11-26 20:56:57) - CATEGORY (OUTPUT) - LEVEL (INFO) - Que voulez-vous faire ? ('h' pour afficher l'aide)

DATE(2018-11-26 20:56:57) - CATEGORY (PROGRAM) - LEVEL (INFO) - Le stock du restaurant est affiche
DATE(2018-11-26 20:56:57) - CATEGORY (PROGRAM) - LEVEL (INFO) - Bagel - 2,75 euros TTC - 20 unites
Burger - 6,33 euros TTC - 10 unites
Cafe - 0,55 euros TTC - stock illimite

DATE(2018-11-26 20:56:57) - CATEGORY (OUTPUT) - LEVEL (INFO) - Que voulez-vous faire ? ('h' pour afficher l'aide)

DATE(2018-11-26 20:57:1) - CATEGORY (OUTPUT) - LEVEL (INFO) - Saisissez le nom du client : 
DATE(2018-11-26 20:57:2) - CATEGORY (INPUT) - LEVEL (INFO) - L'utilisateur a tape sako
DATE(2018-11-26 20:57:2) - CATEGORY (PROGRAM) - LEVEL (INFO) - La note Sako est recuperee
DATE(2018-11-26 20:57:2) - CATEGORY (PROGRAM) - LEVEL (INFO) - Ajout de 3.75 (TVA), donnees comptables
DATE(2018-11-26 20:57:2) - CATEGORY (PROGRAM) - LEVEL (INFO) - Ajout de 41.25 (prix TTC), donnees comptables
DATE(2018-11-26 20:57:2) - CATEGORY (INPUT) - LEVEL (INFO) - Le client dispose-t-il d'une remise de 10% ? ('o' pour confirmer)
DATE(2018-11-26 20:57:3) - CATEGORY (INPUT) - LEVEL (INFO) - L'utilisateur a tape i
DATE(2018-11-26 20:57:3) - CATEGORY (PROGRAM) - LEVEL (INFO) - La note est affichee
DATE(2018-11-26 20:57:3) - CATEGORY (OUTPUT) - LEVEL (INFO) - 
Voici la note a payer : 
Produit : 'Smoothie' - 30 unites
Prix unitaire HT : 1,25 Euros
-------------------------------
Prix total HT : 37,50 Euros
TVA totale : 3,75 Euros
Prix TTC : 41,25 Euros

DATE(2018-11-26 20:57:3) - CATEGORY (PROGRAM) - LEVEL (INFO) - La note Sako n'est plus active
DATE(2018-11-26 20:57:3) - CATEGORY (PROGRAM) - LEVEL (INFO) - Merci ! La note a bien ete encaissee.

DATE(2018-11-26 20:57:3) - CATEGORY (OUTPUT) - LEVEL (INFO) - Que voulez-vous faire ? ('h' pour afficher l'aide)

DATE(2018-11-26 20:57:6) - CATEGORY (PROGRAM) - LEVEL (INFO) - Vous quittez la caisse enregistreuse ...
