DATE(2018-11-25 16:36:20) - CATEGORY (PROGRAM) - LEVEL (ERROR) - Le produit a stock fini a bien ete cree
DATE(2018-11-25 16:36:20) - CATEGORY (PROGRAM) - LEVEL (ERROR) - Le produit a stock fini a bien ete cree
DATE(2018-11-25 16:36:20) - CATEGORY (PROGRAM) - LEVEL (ERROR) - Le produit a stock fini a bien ete cree
DATE(2018-11-25 16:36:20) - CATEGORY (PROGRAM) - LEVEL (ERROR) - Le produit a stock infini a bien ete cree
DATE(2018-11-25 16:36:20) - CATEGORY (OUTPUT) - LEVEL (INFO) - -------------------------------------------------------------
Bienvenue sur l'interface de la caisse du restaurant Bagel !
-------------------------------------------------------------
Que voulez-vous faire ? ('h' pour afficher l'aide)

DATE(2018-11-25 16:36:23) - CATEGORY (PROGRAM) - LEVEL (INFO) - Le stock du restaurant est affiche
DATE(2018-11-25 16:36:23) - CATEGORY (PROGRAM) - LEVEL (INFO) - Bagel - 2,75 euros TTC - 20 unites
Burger - 6,33 euros TTC - 10 unites
Smoothie - 1,38 euros TTC - 30 unites
Cafe - 0,55 euros TTC - stock illimite

DATE(2018-11-25 16:36:23) - CATEGORY (OUTPUT) - LEVEL (INFO) - Que voulez-vous faire ? ('h' pour afficher l'aide)

DATE(2018-11-25 16:36:23) - CATEGORY (PROGRAM) - LEVEL (INFO) - Aucune note trouvee
DATE(2018-11-25 16:36:23) - CATEGORY (PROGRAM) - LEVEL (INFO) - Il n'y a aucune note en cours.
DATE(2018-11-25 16:36:23) - CATEGORY (OUTPUT) - LEVEL (INFO) - Que voulez-vous faire ? ('h' pour afficher l'aide)

DATE(2018-11-25 16:36:24) - CATEGORY (PROGRAM) - LEVEL (INFO) - 'h' : Afficher cette fenetre d'aide.
'a' : Afficher le stock du restaurant
'b' : Ajouter un produit au stock du restaurant
'c' : Creer une note d'un client
'd' : Ajouter un produit dans une note de client
'e' : Afficher la note d'un client
'f' : Cloturer et faire payer la note d'un client
'g' : Afficher toutes les notes actives
'i' : Afficher les donnees comptables
'q' : Quitter le programme
DATE(2018-11-25 16:36:24) - CATEGORY (OUTPUT) - LEVEL (INFO) - Que voulez-vous faire ? ('h' pour afficher l'aide)

DATE(2018-11-25 16:36:25) - CATEGORY (OUTPUT) - LEVEL (INFO) - Saisissez le nom du client a creer : 
DATE(2018-11-25 16:36:26) - CATEGORY (INPUT) - LEVEL (INFO) - L'utilisateur a tape sako
DATE(2018-11-25 16:36:26) - CATEGORY (PROGRAM) - LEVEL (INFO) - Le client 'Sako' a bien ete cree.
DATE(2018-11-25 16:36:26) - CATEGORY (OUTPUT) - LEVEL (INFO) - Que voulez-vous faire ? ('h' pour afficher l'aide)

DATE(2018-11-25 16:36:26) - CATEGORY (OUTPUT) - LEVEL (INFO) - Saisissez le nom du client : 
DATE(2018-11-25 16:36:27) - CATEGORY (INPUT) - LEVEL (INFO) - L'utilisateur a tape sako
DATE(2018-11-25 16:36:27) - CATEGORY (PROGRAM) - LEVEL (INFO) - La note Sako est recuperee
DATE(2018-11-25 16:36:27) - CATEGORY (OUTPUT) - LEVEL (INFO) - Saisir le produit a ajouter parmi : 
DATE(2018-11-25 16:36:27) - CATEGORY (PROGRAM) - LEVEL (INFO) - Le stock du restaurant est affiche
DATE(2018-11-25 16:36:27) - CATEGORY (OUTPUT) - LEVEL (INFO) - Bagel - 2,75 euros TTC - 20 unites
Burger - 6,33 euros TTC - 10 unites
Smoothie - 1,38 euros TTC - 30 unites
Cafe - 0,55 euros TTC - stock illimite

DATE(2018-11-25 16:36:28) - CATEGORY (INPUT) - LEVEL (INFO) - L'utilisateur a tape smoothie
DATE(2018-11-25 16:36:28) - CATEGORY (PROGRAM) - LEVEL (ERROR) - Le produit Smoothie existe dans le stock
DATE(2018-11-25 16:36:28) - CATEGORY (PROGRAM) - LEVEL (ERROR) - Le produit a stock fini a bien ete cree
DATE(2018-11-25 16:36:28) - CATEGORY (OUTPUT) - LEVEL (INFO) - Nombre de Smoothie a ajouter au panier : 
DATE(2018-11-25 16:36:30) - CATEGORY (INPUT) - LEVEL (INFO) - L'utilisateur a tape 15
DATE(2018-11-25 16:36:30) - CATEGORY (PROGRAM) - LEVEL (INFO) - 15 Smoothie retires du stock. Il en reste 15
DATE(2018-11-25 16:36:30) - CATEGORY (PROGRAM) - LEVEL (INFO) - 
Merci ! La commande a ete enregistree.
DATE(2018-11-25 16:36:30) - CATEGORY (PROGRAM) - LEVEL (INFO) - Le produit Smoothie a ete ajoute au panier
DATE(2018-11-25 16:36:30) - CATEGORY (PROGRAM) - LEVEL (INFO) - Calcul du prix total HT : 18,75
Calcul de la TVA totale : 1,88
Calcul du prix total TTC : 20,62
DATE(2018-11-25 16:36:30) - CATEGORY (OUTPUT) - LEVEL (INFO) - Que voulez-vous faire ? ('h' pour afficher l'aide)

DATE(2018-11-25 16:36:32) - CATEGORY (OUTPUT) - LEVEL (INFO) - Saisissez le nom du client : 
DATE(2018-11-25 16:36:33) - CATEGORY (INPUT) - LEVEL (INFO) - L'utilisateur a tape sako
DATE(2018-11-25 16:36:33) - CATEGORY (PROGRAM) - LEVEL (INFO) - La note Sako est recuperee
DATE(2018-11-25 16:36:33) - CATEGORY (PROGRAM) - LEVEL (INFO) - Ajout de 1.875 (TVA), donnees comptables
DATE(2018-11-25 16:36:33) - CATEGORY (PROGRAM) - LEVEL (INFO) - Ajout de 20.625 (prix TTC), donnees comptables
DATE(2018-11-25 16:36:33) - CATEGORY (INPUT) - LEVEL (INFO) - Le client dispose-t-il d'une remise de 10% ? ('o' pour confirmer)
DATE(2018-11-25 16:36:34) - CATEGORY (INPUT) - LEVEL (INFO) - L'utilisateur a tape o
DATE(2018-11-25 16:36:34) - CATEGORY (PROGRAM) - LEVEL (INFO) - La note est affichee
DATE(2018-11-25 16:36:34) - CATEGORY (OUTPUT) - LEVEL (INFO) - 
Voici la note a payer : 
Produit : 'Smoothie' - 15 unites
Prix unitaire HT : 1,25 Euros
-------------------------------
Remise : 10.0%
Prix total HT : 18,75 Euros
TVA totale : 1,88 Euros
Prix TTC : 20,62 Euros

DATE(2018-11-25 16:36:34) - CATEGORY (PROGRAM) - LEVEL (INFO) - La note Sako n'est plus active
DATE(2018-11-25 16:36:34) - CATEGORY (PROGRAM) - LEVEL (INFO) - Merci ! La note a bien ete encaissee.

DATE(2018-11-25 16:36:34) - CATEGORY (OUTPUT) - LEVEL (INFO) - Que voulez-vous faire ? ('h' pour afficher l'aide)

DATE(2018-11-25 16:36:36) - CATEGORY (PROGRAM) - LEVEL (INFO) - Les donnees comptables sont affichees
DATE(2018-11-25 16:36:36) - CATEGORY (PROGRAM) - LEVEL (INFO) - Total des rentrees d'argent : 20,62 Euros
Total de la TVA facturee : 1,88 Euros.

DATE(2018-11-25 16:36:36) - CATEGORY (OUTPUT) - LEVEL (INFO) - Que voulez-vous faire ? ('h' pour afficher l'aide)

DATE(2018-11-25 16:36:38) - CATEGORY (PROGRAM) - LEVEL (INFO) - Vous quittez la caisse enregistreuse ...
DATE(2018-11-25 17:45:4) - CATEGORY (PROGRAM) - LEVEL (ERROR) - Le produit a stock fini a bien ete cree
DATE(2018-11-25 17:45:4) - CATEGORY (PROGRAM) - LEVEL (ERROR) - Le produit a stock fini a bien ete cree
DATE(2018-11-25 17:45:4) - CATEGORY (PROGRAM) - LEVEL (ERROR) - Le produit a stock fini a bien ete cree
DATE(2018-11-25 17:45:4) - CATEGORY (PROGRAM) - LEVEL (ERROR) - Le produit a stock infini a bien ete cree
DATE(2018-11-25 17:45:4) - CATEGORY (OUTPUT) - LEVEL (INFO) - -------------------------------------------------------------
Bienvenue sur l'interface de la caisse du restaurant Bagel !
-------------------------------------------------------------
Que voulez-vous faire ? ('h' pour afficher l'aide)

DATE(2018-11-25 17:45:8) - CATEGORY (OUTPUT) - LEVEL (INFO) - Saisissez le nom du client a creer : 
DATE(2018-11-25 17:45:9) - CATEGORY (INPUT) - LEVEL (INFO) - L'utilisateur a tape sako
DATE(2018-11-25 17:45:9) - CATEGORY (PROGRAM) - LEVEL (INFO) - Le client 'Sako' a bien ete cree.
DATE(2018-11-25 17:45:9) - CATEGORY (OUTPUT) - LEVEL (INFO) - Que voulez-vous faire ? ('h' pour afficher l'aide)

DATE(2018-11-25 17:45:10) - CATEGORY (OUTPUT) - LEVEL (INFO) - Saisissez le nom du client : 
DATE(2018-11-25 17:45:11) - CATEGORY (INPUT) - LEVEL (INFO) - L'utilisateur a tape sako
DATE(2018-11-25 17:45:11) - CATEGORY (PROGRAM) - LEVEL (INFO) - La note Sako est recuperee
DATE(2018-11-25 17:45:11) - CATEGORY (OUTPUT) - LEVEL (INFO) - Saisir le produit a ajouter parmi : 
DATE(2018-11-25 17:45:11) - CATEGORY (PROGRAM) - LEVEL (INFO) - Le stock du restaurant est affiche
DATE(2018-11-25 17:45:11) - CATEGORY (OUTPUT) - LEVEL (INFO) - Bagel - 2,75 euros TTC - 20 unites
Burger - 6,33 euros TTC - 10 unites
Smoothie - 1,38 euros TTC - 30 unites
Cafe - 0,55 euros TTC - stock illimite

DATE(2018-11-25 17:45:15) - CATEGORY (INPUT) - LEVEL (INFO) - L'utilisateur a tape smoothie
DATE(2018-11-25 17:45:15) - CATEGORY (PROGRAM) - LEVEL (ERROR) - Le produit Bagel existe dans le stock
DATE(2018-11-25 17:45:15) - CATEGORY (PROGRAM) - LEVEL (ERROR) - Le produit Burger existe dans le stock
DATE(2018-11-25 17:45:15) - CATEGORY (PROGRAM) - LEVEL (ERROR) - Le produit Smoothie existe dans le stock
DATE(2018-11-25 17:45:15) - CATEGORY (PROGRAM) - LEVEL (ERROR) - Le produit Cafe existe dans le stock
DATE(2018-11-25 17:45:28) - CATEGORY (PROGRAM) - LEVEL (ERROR) - Le produit a stock fini a bien ete cree
DATE(2018-11-25 17:45:28) - CATEGORY (PROGRAM) - LEVEL (ERROR) - Le produit a stock fini a bien ete cree
DATE(2018-11-25 17:45:28) - CATEGORY (PROGRAM) - LEVEL (ERROR) - Le produit a stock fini a bien ete cree
DATE(2018-11-25 17:45:28) - CATEGORY (PROGRAM) - LEVEL (ERROR) - Le produit a stock infini a bien ete cree
DATE(2018-11-25 17:45:28) - CATEGORY (OUTPUT) - LEVEL (INFO) - -------------------------------------------------------------
Bienvenue sur l'interface de la caisse du restaurant Bagel !
-------------------------------------------------------------
Que voulez-vous faire ? ('h' pour afficher l'aide)

DATE(2018-11-25 17:46:6) - CATEGORY (OUTPUT) - LEVEL (INFO) - Saisissez le nom du client a creer : 
DATE(2018-11-25 17:46:7) - CATEGORY (INPUT) - LEVEL (INFO) - L'utilisateur a tape sako
DATE(2018-11-25 17:46:7) - CATEGORY (PROGRAM) - LEVEL (INFO) - Le client 'Sako' a bien ete cree.
DATE(2018-11-25 17:46:7) - CATEGORY (OUTPUT) - LEVEL (INFO) - Que voulez-vous faire ? ('h' pour afficher l'aide)

DATE(2018-11-25 17:46:7) - CATEGORY (OUTPUT) - LEVEL (INFO) - Saisissez le nom du client : 
DATE(2018-11-25 17:46:8) - CATEGORY (INPUT) - LEVEL (INFO) - L'utilisateur a tape sako
DATE(2018-11-25 17:46:8) - CATEGORY (PROGRAM) - LEVEL (INFO) - La note Sako est recuperee
DATE(2018-11-25 17:46:8) - CATEGORY (OUTPUT) - LEVEL (INFO) - Saisir le produit a ajouter parmi : 
DATE(2018-11-25 17:46:8) - CATEGORY (PROGRAM) - LEVEL (INFO) - Le stock du restaurant est affiche
DATE(2018-11-25 17:46:8) - CATEGORY (OUTPUT) - LEVEL (INFO) - Bagel - 2,75 euros TTC - 20 unites
Burger - 6,33 euros TTC - 10 unites
Smoothie - 1,38 euros TTC - 30 unites
Cafe - 0,55 euros TTC - stock illimite

DATE(2018-11-25 17:46:11) - CATEGORY (INPUT) - LEVEL (INFO) - L'utilisateur a tape smoothie
DATE(2018-11-25 17:46:11) - CATEGORY (PROGRAM) - LEVEL (ERROR) - Le produit Smoothie existe dans le stock
DATE(2018-11-25 17:46:25) - CATEGORY (PROGRAM) - LEVEL (ERROR) - Le produit a stock fini a bien ete cree
DATE(2018-11-25 17:46:25) - CATEGORY (PROGRAM) - LEVEL (ERROR) - Le produit a stock fini a bien ete cree
DATE(2018-11-25 17:46:25) - CATEGORY (PROGRAM) - LEVEL (ERROR) - Le produit a stock fini a bien ete cree
DATE(2018-11-25 17:46:25) - CATEGORY (PROGRAM) - LEVEL (ERROR) - Le produit a stock infini a bien ete cree
DATE(2018-11-25 17:46:25) - CATEGORY (OUTPUT) - LEVEL (INFO) - -------------------------------------------------------------
Bienvenue sur l'interface de la caisse du restaurant Bagel !
-------------------------------------------------------------
Que voulez-vous faire ? ('h' pour afficher l'aide)

DATE(2018-11-25 17:46:29) - CATEGORY (OUTPUT) - LEVEL (INFO) - Saisissez le nom du client a creer : 
DATE(2018-11-25 17:46:32) - CATEGORY (INPUT) - LEVEL (INFO) - L'utilisateur a tape ssako
DATE(2018-11-25 17:46:32) - CATEGORY (PROGRAM) - LEVEL (INFO) - Le client 'Ssako' a bien ete cree.
DATE(2018-11-25 17:46:32) - CATEGORY (OUTPUT) - LEVEL (INFO) - Que voulez-vous faire ? ('h' pour afficher l'aide)

DATE(2018-11-25 17:46:35) - CATEGORY (OUTPUT) - LEVEL (INFO) - Saisissez le nom du client : 
DATE(2018-11-25 17:46:37) - CATEGORY (INPUT) - LEVEL (INFO) - L'utilisateur a tape ssako
DATE(2018-11-25 17:46:37) - CATEGORY (PROGRAM) - LEVEL (INFO) - La note Ssako est recuperee
DATE(2018-11-25 17:46:37) - CATEGORY (OUTPUT) - LEVEL (INFO) - Saisir le produit a ajouter parmi : 
DATE(2018-11-25 17:46:37) - CATEGORY (PROGRAM) - LEVEL (INFO) - Le stock du restaurant est affiche
DATE(2018-11-25 17:46:37) - CATEGORY (OUTPUT) - LEVEL (INFO) - Bagel - 2,75 euros TTC - 20 unites
Burger - 6,33 euros TTC - 10 unites
Smoothie - 1,38 euros TTC - 30 unites
Cafe - 0,55 euros TTC - stock illimite

DATE(2018-11-25 17:46:39) - CATEGORY (INPUT) - LEVEL (INFO) - L'utilisateur a tape smothie
DATE(2018-11-25 17:46:39) - CATEGORY (PROGRAM) - LEVEL (ERROR) - Ce produit n'existe pas ...
Retapez le produit :
DATE(2018-11-25 17:46:41) - CATEGORY (INPUT) - LEVEL (INFO) - L'utilisateur a tape smoothie
DATE(2018-11-25 17:46:41) - CATEGORY (PROGRAM) - LEVEL (ERROR) - Le produit Smoothie existe dans le stock
DATE(2018-11-25 17:46:41) - CATEGORY (PROGRAM) - LEVEL (ERROR) - Le produit a stock fini a bien ete cree
DATE(2018-11-25 17:46:41) - CATEGORY (OUTPUT) - LEVEL (INFO) - Nombre de Smoothie a ajouter au panier : 
DATE(2018-11-25 17:46:42) - CATEGORY (INPUT) - LEVEL (INFO) - L'utilisateur a tape 20
DATE(2018-11-25 17:46:42) - CATEGORY (PROGRAM) - LEVEL (INFO) - 20 Smoothie retires du stock. Il en reste 10
DATE(2018-11-25 17:46:42) - CATEGORY (PROGRAM) - LEVEL (INFO) - 
Merci ! La commande a ete enregistree.
DATE(2018-11-25 17:46:42) - CATEGORY (PROGRAM) - LEVEL (INFO) - Le produit Smoothie a ete ajoute au panier
DATE(2018-11-25 17:46:42) - CATEGORY (PROGRAM) - LEVEL (INFO) - Calcul du prix total HT : 25,00
Calcul de la TVA totale : 2,50
Calcul du prix total TTC : 27,50
DATE(2018-11-25 17:46:42) - CATEGORY (OUTPUT) - LEVEL (INFO) - Que voulez-vous faire ? ('h' pour afficher l'aide)

DATE(2018-11-25 17:46:43) - CATEGORY (PROGRAM) - LEVEL (INFO) - Vous quittez la caisse enregistreuse ...
DATE(2018-11-26 9:5:34) - CATEGORY (PROGRAM) - LEVEL (ERROR) - Le produit a stock fini a bien ete cree
DATE(2018-11-26 9:5:34) - CATEGORY (PROGRAM) - LEVEL (ERROR) - Le produit a stock fini a bien ete cree
DATE(2018-11-26 9:5:34) - CATEGORY (PROGRAM) - LEVEL (ERROR) - Le produit a stock fini a bien ete cree
DATE(2018-11-26 9:5:34) - CATEGORY (PROGRAM) - LEVEL (ERROR) - Le produit a stock infini a bien ete cree
DATE(2018-11-26 9:5:34) - CATEGORY (OUTPUT) - LEVEL (INFO) - -------------------------------------------------------------
Bienvenue sur l'interface de la caisse du restaurant Bagel !
-------------------------------------------------------------
Que voulez-vous faire ? ('h' pour afficher l'aide)

DATE(2018-11-26 9:5:36) - CATEGORY (OUTPUT) - LEVEL (INFO) - Saisissez le nom du client a creer : 
DATE(2018-11-26 9:5:37) - CATEGORY (INPUT) - LEVEL (INFO) - L'utilisateur a tape sako
DATE(2018-11-26 9:5:37) - CATEGORY (PROGRAM) - LEVEL (INFO) - Le client 'Sako' a bien ete cree.
DATE(2018-11-26 9:5:37) - CATEGORY (OUTPUT) - LEVEL (INFO) - Que voulez-vous faire ? ('h' pour afficher l'aide)

DATE(2018-11-26 9:5:38) - CATEGORY (PROGRAM) - LEVEL (INFO) - Vous quittez la caisse enregistreuse ...
DATE(2018-11-26 20:56:35) - CATEGORY (PROGRAM) - LEVEL (ERROR) - Le produit a stock fini a bien ete cree
DATE(2018-11-26 20:56:35) - CATEGORY (PROGRAM) - LEVEL (ERROR) - Le produit a stock fini a bien ete cree
DATE(2018-11-26 20:56:35) - CATEGORY (PROGRAM) - LEVEL (ERROR) - Le produit a stock fini a bien ete cree
DATE(2018-11-26 20:56:35) - CATEGORY (PROGRAM) - LEVEL (ERROR) - Le produit a stock infini a bien ete cree
DATE(2018-11-26 20:56:35) - CATEGORY (OUTPUT) - LEVEL (INFO) - -------------------------------------------------------------
Bienvenue sur l'interface de la caisse du restaurant Bagel !
-------------------------------------------------------------
Que voulez-vous faire ? ('h' pour afficher l'aide)

DATE(2018-11-26 20:56:37) - CATEGORY (PROGRAM) - LEVEL (ERROR) - Le produit a stock fini a bien ete cree
DATE(2018-11-26 20:56:37) - CATEGORY (PROGRAM) - LEVEL (ERROR) - Le produit a stock fini a bien ete cree
DATE(2018-11-26 20:56:37) - CATEGORY (PROGRAM) - LEVEL (ERROR) - Le produit a stock fini a bien ete cree
DATE(2018-11-26 20:56:37) - CATEGORY (PROGRAM) - LEVEL (ERROR) - Le produit a stock infini a bien ete cree
DATE(2018-11-26 20:56:37) - CATEGORY (OUTPUT) - LEVEL (INFO) - -------------------------------------------------------------
Bienvenue sur l'interface de la caisse du restaurant Bagel !
-------------------------------------------------------------
Que voulez-vous faire ? ('h' pour afficher l'aide)

DATE(2018-11-26 20:56:37) - CATEGORY (PROGRAM) - LEVEL (INFO) - Vous quittez la caisse enregistreuse ...
DATE(2018-11-26 21:3:36) - CATEGORY (PROGRAM) - LEVEL (ERROR) - Le produit a stock fini a bien ete cree
DATE(2018-11-26 21:3:36) - CATEGORY (PROGRAM) - LEVEL (ERROR) - Le produit a stock fini a bien ete cree
DATE(2018-11-26 21:3:36) - CATEGORY (PROGRAM) - LEVEL (ERROR) - Le produit a stock fini a bien ete cree
DATE(2018-11-26 21:3:36) - CATEGORY (PROGRAM) - LEVEL (ERROR) - Le produit a stock infini a bien ete cree
DATE(2018-11-26 21:3:36) - CATEGORY (OUTPUT) - LEVEL (INFO) - -------------------------------------------------------------
Bienvenue sur l'interface de la caisse du restaurant Bagel !
-------------------------------------------------------------
Que voulez-vous faire ? ('h' pour afficher l'aide)

DATE(2018-11-26 21:3:38) - CATEGORY (OUTPUT) - LEVEL (INFO) - Saisissez le nom du client a creer : 
DATE(2018-11-26 21:3:39) - CATEGORY (INPUT) - LEVEL (INFO) - L'utilisateur a tape sako
DATE(2018-11-26 21:3:39) - CATEGORY (PROGRAM) - LEVEL (INFO) - Le client 'Sako' a bien ete cree.
DATE(2018-11-26 21:3:39) - CATEGORY (OUTPUT) - LEVEL (INFO) - Que voulez-vous faire ? ('h' pour afficher l'aide)

DATE(2018-11-26 21:3:39) - CATEGORY (OUTPUT) - LEVEL (INFO) - Saisissez le nom du client : 
DATE(2018-11-26 21:3:40) - CATEGORY (INPUT) - LEVEL (INFO) - L'utilisateur a tape sako
DATE(2018-11-26 21:3:40) - CATEGORY (PROGRAM) - LEVEL (INFO) - La note Sako est recuperee
DATE(2018-11-26 21:3:40) - CATEGORY (OUTPUT) - LEVEL (INFO) - Saisir le produit a ajouter parmi : 
DATE(2018-11-26 21:3:40) - CATEGORY (PROGRAM) - LEVEL (INFO) - Le stock du restaurant est affiche
DATE(2018-11-26 21:3:40) - CATEGORY (OUTPUT) - LEVEL (INFO) - Bagel - 2,75 euros TTC - 20 unites
Burger - 6,33 euros TTC - 10 unites
Smoothie - 1,38 euros TTC - 30 unites
Cafe - 0,55 euros TTC - stock illimite

DATE(2018-11-26 21:3:41) - CATEGORY (INPUT) - LEVEL (INFO) - L'utilisateur a tape smoothie
DATE(2018-11-26 21:3:41) - CATEGORY (PROGRAM) - LEVEL (ERROR) - Le produit Smoothie existe dans le stock
DATE(2018-11-26 21:3:41) - CATEGORY (PROGRAM) - LEVEL (ERROR) - Le produit a stock fini a bien ete cree
DATE(2018-11-26 21:3:41) - CATEGORY (OUTPUT) - LEVEL (INFO) - Nombre de Smoothie a ajouter au panier : 
DATE(2018-11-26 21:3:42) - CATEGORY (INPUT) - LEVEL (INFO) - L'utilisateur a tape 10
DATE(2018-11-26 21:3:42) - CATEGORY (PROGRAM) - LEVEL (INFO) - 10 Smoothie retires du stock. Il en reste 20
DATE(2018-11-26 21:3:42) - CATEGORY (PROGRAM) - LEVEL (INFO) - 
Merci ! La commande a ete enregistree.
DATE(2018-11-26 21:3:42) - CATEGORY (PROGRAM) - LEVEL (INFO) - Le produit Smoothie a ete ajoute au panier
DATE(2018-11-26 21:3:42) - CATEGORY (PROGRAM) - LEVEL (INFO) - Calcul du prix total HT : 12,50
Calcul de la TVA totale : 1,25
Calcul du prix total TTC : 13,75
DATE(2018-11-26 21:3:42) - CATEGORY (OUTPUT) - LEVEL (INFO) - Que voulez-vous faire ? ('h' pour afficher l'aide)

DATE(2018-11-26 21:3:43) - CATEGORY (OUTPUT) - LEVEL (INFO) - Saisissez le nom du client : 
DATE(2018-11-26 21:3:44) - CATEGORY (INPUT) - LEVEL (INFO) - L'utilisateur a tape sako
DATE(2018-11-26 21:3:44) - CATEGORY (PROGRAM) - LEVEL (INFO) - La note Sako est recuperee
DATE(2018-11-26 21:3:44) - CATEGORY (PROGRAM) - LEVEL (INFO) - Ajout de 1.25 (TVA), donnees comptables
DATE(2018-11-26 21:3:44) - CATEGORY (PROGRAM) - LEVEL (INFO) - Ajout de 13.75 (prix TTC), donnees comptables
DATE(2018-11-26 21:3:44) - CATEGORY (INPUT) - LEVEL (INFO) - Le client dispose-t-il d'une remise de 10% ? ('o' pour confirmer)
DATE(2018-11-26 21:3:45) - CATEGORY (INPUT) - LEVEL (INFO) - L'utilisateur a tape o
DATE(2018-11-26 21:3:45) - CATEGORY (PROGRAM) - LEVEL (INFO) - La note est affichee
DATE(2018-11-26 21:3:45) - CATEGORY (OUTPUT) - LEVEL (INFO) - 
Voici la note a payer : 
Produit : 'Smoothie' - 10 unites
Prix unitaire HT : 1,25 Euros
-------------------------------
Remise : 10.0%
Prix total HT : 12,50 Euros
TVA totale : 1,25 Euros
Prix TTC : 13,75 Euros

DATE(2018-11-26 21:3:45) - CATEGORY (PROGRAM) - LEVEL (INFO) - La note Sako n'est plus active
DATE(2018-11-26 21:3:45) - CATEGORY (PROGRAM) - LEVEL (INFO) - Merci ! La note a bien ete encaissee.

DATE(2018-11-26 21:3:45) - CATEGORY (OUTPUT) - LEVEL (INFO) - Que voulez-vous faire ? ('h' pour afficher l'aide)

DATE(2018-11-26 21:3:47) - CATEGORY (OUTPUT) - LEVEL (INFO) - Saisissez le nom du client : 
DATE(2018-11-26 21:3:50) - CATEGORY (INPUT) - LEVEL (INFO) - L'utilisateur a tape sako
DATE(2018-11-26 21:3:50) - CATEGORY (PROGRAM) - LEVEL (ERROR) - Aucune note n'a ete creee avec ce nom
DATE(2018-11-26 21:3:50) - CATEGORY (OUTPUT) - LEVEL (INFO) - Que voulez-vous faire ? ('h' pour afficher l'aide)

DATE(2018-11-26 21:3:52) - CATEGORY (PROGRAM) - LEVEL (INFO) - Les donnees comptables sont affichees
DATE(2018-11-26 21:3:52) - CATEGORY (PROGRAM) - LEVEL (INFO) - Total des rentrees d'argent : 13,75 Euros
Total de la TVA facturee : 1,25 Euros.

DATE(2018-11-26 21:3:52) - CATEGORY (OUTPUT) - LEVEL (INFO) - Que voulez-vous faire ? ('h' pour afficher l'aide)

DATE(2018-11-26 21:3:55) - CATEGORY (PROGRAM) - LEVEL (INFO) - Le stock du restaurant est affiche
DATE(2018-11-26 21:3:55) - CATEGORY (PROGRAM) - LEVEL (INFO) - Bagel - 2,75 euros TTC - 20 unites
Burger - 6,33 euros TTC - 10 unites
Smoothie - 1,38 euros TTC - 20 unites
Cafe - 0,55 euros TTC - stock illimite

DATE(2018-11-26 21:3:55) - CATEGORY (OUTPUT) - LEVEL (INFO) - Que voulez-vous faire ? ('h' pour afficher l'aide)

DATE(2018-11-26 21:3:55) - CATEGORY (PROGRAM) - LEVEL (INFO) - Aucune note trouvee
DATE(2018-11-26 21:3:55) - CATEGORY (PROGRAM) - LEVEL (INFO) - Il n'y a aucune note en cours.
DATE(2018-11-26 21:3:55) - CATEGORY (OUTPUT) - LEVEL (INFO) - Que voulez-vous faire ? ('h' pour afficher l'aide)

DATE(2018-11-26 21:3:56) - CATEGORY (PROGRAM) - LEVEL (INFO) - Vous quittez la caisse enregistreuse ...
